<?xml version="1.0" encoding="UTF-8"?>
<testng-results ignored="0" total="2" passed="2" failed="0" skipped="0">
  <reporter-output>
  </reporter-output>
  <suite started-at="2023-03-31T18:33:21 MSK" name="Suite1" finished-at="2023-03-31T18:33:21 MSK" duration-ms="46">
    <groups>
      <group name="IMPLEMENTED">
        <method signature="firstTest.firstTest()[pri:0, instance:MyTests.firstTest@4b5a5ed1]" name="firstTest" class="MyTests.firstTest"/>
        <method signature="secondTest.secondTest()[pri:0, instance:MyTests.secondTest@3c22fc4c]" name="secondTest" class="MyTests.secondTest"/>
      </group> <!-- IMPLEMENTED -->
    </groups>
    <test started-at="2023-03-31T18:33:21 MSK" name="test1" finished-at="2023-03-31T18:33:21 MSK" duration-ms="46">
      <class name="MyTests.firstTest">
        <test-method signature="firstTest()[pri:0, instance:MyTests.firstTest@4b5a5ed1]" started-at="2023-03-31T18:33:21 MSK" name="firstTest" finished-at="2023-03-31T18:33:21 MSK" duration-ms="6" status="PASS">
          <reporter-output>
          </reporter-output>
        </test-method> <!-- firstTest -->
      </class> <!-- MyTests.firstTest -->
      <class name="MyTests.secondTest">
        <test-method signature="secondTest()[pri:0, instance:MyTests.secondTest@3c22fc4c]" started-at="2023-03-31T18:33:21 MSK" name="secondTest" finished-at="2023-03-31T18:33:21 MSK" duration-ms="0" status="PASS">
          <reporter-output>
          </reporter-output>
        </test-method> <!-- secondTest -->
      </class> <!-- MyTests.secondTest -->
    </test> <!-- test1 -->
  </suite> <!-- Suite1 -->
</testng-results>
